1493117124120	geckodriver	INFO	Listening on 127.0.0.1:54632
1493117125864	mozprofile::profile	INFO	Using profile path /var/folders/xr/1_rjmwqn3rd4fzbmh4b5f5sw0000gn/T/rust_mozprofile.APWSXVHmt551
1493117125866	geckodriver::marionette	INFO	Starting browser /Applications/Firefox.app/Contents/MacOS/firefox-bin with args []
1493117125910	geckodriver::marionette	INFO	Connecting to Marionette on localhost:54641
2017-04-25 06:45:29.887 firefox-bin[15583:505893] IMKInputSession presentFunctionRowItemTextInputViewWithEndpoint:completionHandler: : *NO* NSRemoteViewController to client, NSError=Error Domain=NSCocoaErrorDomain Code=4097 "connection from pid 0" UserInfo={NSDebugDescription=connection from pid 0}, com.apple.inputmethod.EmojiFunctionRowItem
1493117130366	Marionette	INFO	Listening on port 54641
2017-04-25 06:45:30.498 firefox-bin[15583:505893] IMKInputSession presentFunctionRowItemTextInputViewWithEndpoint:completionHandler: : *NO* NSRemoteViewController to client, NSError=Error Domain=NSCocoaErrorDomain Code=4097 "connection from pid 0" UserInfo={NSDebugDescription=connection from pid 0}, com.apple.inputmethod.EmojiFunctionRowItem
1493117130563	Marionette	WARN	TLS certificate errors will be ignored for this session
2017-04-25 06:45:31.416 plugin-container[15584:506064] *** CFMessagePort: bootstrap_register(): failed 1100 (0x44c) 'Permission denied', port = 0x983b, name = 'com.apple.tsm.portname'
See /usr/include/servers/bootstrap_defs.h for the error codes.
2017-04-25 06:45:31.419 plugin-container[15584:506064] *** CFMessagePort: bootstrap_register(): failed 1100 (0x44c) 'Permission denied', port = 0x9b03, name = 'com.apple.CFPasteboardClient'
See /usr/include/servers/bootstrap_defs.h for the error codes.
1493117185269	geckodriver	INFO	Listening on 127.0.0.1:54769
1493117186308	mozprofile::profile	INFO	Using profile path /var/folders/xr/1_rjmwqn3rd4fzbmh4b5f5sw0000gn/T/rust_mozprofile.uzWDz2DtkmHk
1493117186311	geckodriver::marionette	INFO	Starting browser /Applications/Firefox.app/Contents/MacOS/firefox-bin with args []
1493117186318	geckodriver::marionette	INFO	Connecting to Marionette on localhost:54778
2017-04-25 06:46:29.306 firefox-bin[15583:505893] IMKInputSession presentFunctionRowItemTextInputViewWithEndpoint:completionHandler: : *NO* NSRemoteViewController to client, NSError=Error Domain=NSCocoaErrorDomain Code=4097 "connection from pid 0" UserInfo={NSDebugDescription=connection from pid 0}, com.apple.inputmethod.EmojiFunctionRowItem
1493117189557	Marionette	INFO	Listening on port 54778
1493117189640	Marionette	WARN	TLS certificate errors will be ignored for this session
2017-04-25 06:46:29.966 firefox-bin[15616:507126] IMKInputSession presentFunctionRowItemTextInputViewWithEndpoint:completionHandler: : *NO* NSRemoteViewController to client, NSError=Error Domain=NSCocoaErrorDomain Code=4097 "connection from pid 0" UserInfo={NSDebugDescription=connection from pid 0}, com.apple.inputmethod.EmojiFunctionRowItem
2017-04-25 06:46:30.014 firefox-bin[15616:507126] IMKInputSession presentFunctionRowItemTextInputViewWithEndpoint:completionHandler: : *NO* NSRemoteViewController to client, NSError=Error Domain=NSCocoaErrorDomain Code=4097 "connection from pid 0" UserInfo={NSDebugDescription=connection from pid 0}, com.apple.inputmethod.EmojiFunctionRowItem
2017-04-25 06:46:30.880 plugin-container[15618:507243] *** CFMessagePort: bootstrap_register(): failed 1100 (0x44c) 'Permission denied', port = 0x9437, name = 'com.apple.tsm.portname'
See /usr/include/servers/bootstrap_defs.h for the error codes.
2017-04-25 06:46:30.898 plugin-container[15618:507243] *** CFMessagePort: bootstrap_register(): failed 1100 (0x44c) 'Permission denied', port = 0x9803, name = 'com.apple.CFPasteboardClient'
See /usr/include/servers/bootstrap_defs.h for the error codes.
2017-04-25 06:46:44.127 firefox-bin[15616:507126] IMKInputSession presentFunctionRowItemTextInputViewWithEndpoint:completionHandler: : *NO* NSRemoteViewController to client, NSError=Error Domain=NSCocoaErrorDomain Code=4097 "connection from pid 0" UserInfo={NSDebugDescription=connection from pid 0}, com.apple.inputmethod.EmojiFunctionRowItem
2017-04-25 06:47:01.125 firefox-bin[15616:507126] IMKInputSession presentFunctionRowItemTextInputViewWithEndpoint:completionHandler: : *NO* NSRemoteViewController to client, NSError=Error Domain=NSCocoaErrorDomain Code=4097 "connection from pid 0" UserInfo={NSDebugDescription=connection from pid 0}, com.apple.inputmethod.EmojiFunctionRowItem
1493117225177	geckodriver	INFO	Listening on 127.0.0.1:54872
1493117226234	mozprofile::profile	INFO	Using profile path /var/folders/xr/1_rjmwqn3rd4fzbmh4b5f5sw0000gn/T/rust_mozprofile.3Sz4YzQJAH10
1493117226236	geckodriver::marionette	INFO	Starting browser /Applications/Firefox.app/Contents/MacOS/firefox-bin with args []
1493117226240	geckodriver::marionette	INFO	Connecting to Marionette on localhost:54881
1493117228897	Marionette	INFO	Listening on port 54881
1493117228990	Marionette	WARN	TLS certificate errors will be ignored for this session
2017-04-25 06:47:09.605 plugin-container[15644:508187] *** CFMessagePort: bootstrap_register(): failed 1100 (0x44c) 'Permission denied', port = 0x943b, name = 'com.apple.tsm.portname'
See /usr/include/servers/bootstrap_defs.h for the error codes.
2017-04-25 06:47:09.611 plugin-container[15644:508187] *** CFMessagePort: bootstrap_register(): failed 1100 (0x44c) 'Permission denied', port = 0x9703, name = 'com.apple.CFPasteboardClient'
See /usr/include/servers/bootstrap_defs.h for the error codes.
2017-04-25 06:47:27.624 firefox-bin[15641:508057] IMKInputSession presentFunctionRowItemTextInputViewWithEndpoint:completionHandler: : *NO* NSRemoteViewController to client, NSError=Error Domain=NSCocoaErrorDomain Code=4097 "connection from pid 0" UserInfo={NSDebugDescription=connection from pid 0}, com.apple.inputmethod.EmojiFunctionRowItem
2017-04-25 06:47:36.081 firefox-bin[15641:508057] IMKInputSession presentFunctionRowItemTextInputViewWithEndpoint:completionHandler: : *NO* NSRemoteViewController to client, NSError=Error Domain=NSCocoaErrorDomain Code=4097 "connection from pid 0" UserInfo={NSDebugDescription=connection from pid 0}, com.apple.inputmethod.EmojiFunctionRowItem
1493117258617	geckodriver	INFO	Listening on 127.0.0.1:54962
1493117259654	mozprofile::profile	INFO	Using profile path /var/folders/xr/1_rjmwqn3rd4fzbmh4b5f5sw0000gn/T/rust_mozprofile.BEEMeXjNwd7h
1493117259656	geckodriver::marionette	INFO	Starting browser /Applications/Firefox.app/Contents/MacOS/firefox-bin with args []
1493117259659	geckodriver::marionette	INFO	Connecting to Marionette on localhost:54971
1493117262181	Marionette	INFO	Listening on port 54971
1493117262280	Marionette	WARN	TLS certificate errors will be ignored for this session
2017-04-25 06:47:42.882 plugin-container[15664:508955] *** CFMessagePort: bootstrap_register(): failed 1100 (0x44c) 'Permission denied', port = 0x973b, name = 'com.apple.tsm.portname'
See /usr/include/servers/bootstrap_defs.h for the error codes.
2017-04-25 06:47:42.885 plugin-container[15664:508955] *** CFMessagePort: bootstrap_register(): failed 1100 (0x44c) 'Permission denied', port = 0x9a03, name = 'com.apple.CFPasteboardClient'
See /usr/include/servers/bootstrap_defs.h for the error codes.
2017-04-25 06:47:47.449 firefox-bin[15662:508852] IMKInputSession presentFunctionRowItemTextInputViewWithEndpoint:completionHandler: : *NO* NSRemoteViewController to client, NSError=Error Domain=NSCocoaErrorDomain Code=4097 "connection from pid 0" UserInfo={NSDebugDescription=connection from pid 0}, com.apple.inputmethod.EmojiFunctionRowItem
2017-04-25 06:47:51.351 firefox-bin[15662:508852] IMKInputSession presentFunctionRowItemTextInputViewWithEndpoint:completionHandler: : *NO* NSRemoteViewController to client, NSError=Error Domain=NSCocoaErrorDomain Code=4097 "connection from pid 0" UserInfo={NSDebugDescription=connection from pid 0}, com.apple.inputmethod.EmojiFunctionRowItem
1493117274472	geckodriver	INFO	Listening on 127.0.0.1:55049
1493117275475	mozprofile::profile	INFO	Using profile path /var/folders/xr/1_rjmwqn3rd4fzbmh4b5f5sw0000gn/T/rust_mozprofile.1G00wk5b7vdY
1493117275477	geckodriver::marionette	INFO	Starting browser /Applications/Firefox.app/Contents/MacOS/firefox-bin with args []
1493117275480	geckodriver::marionette	INFO	Connecting to Marionette on localhost:55058
2017-04-25 06:47:58.179 firefox-bin[15675:509177] IMKInputSession presentFunctionRowItemTextInputViewWithEndpoint:completionHandler: : *NO* NSRemoteViewController to client, NSError=Error Domain=NSCocoaErrorDomain Code=4097 "connection from pid 0" UserInfo={NSDebugDescription=connection from pid 0}, com.apple.inputmethod.EmojiFunctionRowItem
1493117278534	Marionette	INFO	Listening on port 55058
2017-04-25 06:47:58.611 firefox-bin[15675:509177] IMKInputSession presentFunctionRowItemTextInputViewWithEndpoint:completionHandler: : *NO* NSRemoteViewController to client, NSError=Error Domain=NSCocoaErrorDomain Code=4097 "connection from pid 0" UserInfo={NSDebugDescription=connection from pid 0}, com.apple.inputmethod.EmojiFunctionRowItem
1493117278684	Marionette	WARN	TLS certificate errors will be ignored for this session
2017-04-25 06:47:59.255 plugin-container[15682:509355] *** CFMessagePort: bootstrap_register(): failed 1100 (0x44c) 'Permission denied', port = 0x963b, name = 'com.apple.tsm.portname'
See /usr/include/servers/bootstrap_defs.h for the error codes.
2017-04-25 06:47:59.256 plugin-container[15682:509355] *** CFMessagePort: bootstrap_register(): failed 1100 (0x44c) 'Permission denied', port = 0x9903, name = 'com.apple.CFPasteboardClient'
See /usr/include/servers/bootstrap_defs.h for the error codes.
2017-04-25 06:48:00.300 firefox-bin[15675:509177] IMKInputSession presentFunctionRowItemTextInputViewWithEndpoint:completionHandler: : *NO* NSRemoteViewController to client, NSError=Error Domain=NSCocoaErrorDomain Code=4097 "connection from pid 0" UserInfo={NSDebugDescription=connection from pid 0}, com.apple.inputmethod.EmojiFunctionRowItem
2017-04-25 06:48:09.091 firefox-bin[15675:509177] IMKInputSession presentFunctionRowItemTextInputViewWithEndpoint:completionHandler: : *NO* NSRemoteViewController to client, NSError=Error Domain=NSCocoaErrorDomain Code=4097 "connection from pid 0" UserInfo={NSDebugDescription=connection from pid 0}, com.apple.inputmethod.EmojiFunctionRowItem
2017-04-25 06:48:37.587 firefox-bin[15675:509177] IMKInputSession presentFunctionRowItemTextInputViewWithEndpoint:completionHandler: : *NO* NSRemoteViewController to client, NSError=Error Domain=NSCocoaErrorDomain Code=4097 "connection from pid 0" UserInfo={NSDebugDescription=connection from pid 0}, com.apple.inputmethod.EmojiFunctionRowItem
1493117322025	geckodriver	INFO	Listening on 127.0.0.1:55150
1493117323064	mozprofile::profile	INFO	Using profile path /var/folders/xr/1_rjmwqn3rd4fzbmh4b5f5sw0000gn/T/rust_mozprofile.wCYoEYcxz9Cp
1493117323066	geckodriver::marionette	INFO	Starting browser /Applications/Firefox.app/Contents/MacOS/firefox-bin with args []
1493117323070	geckodriver::marionette	INFO	Connecting to Marionette on localhost:55159
1493117326138	Marionette	INFO	Listening on port 55159
1493117326285	Marionette	WARN	TLS certificate errors will be ignored for this session
2017-04-25 06:48:46.669 firefox-bin[15706:510067] IMKInputSession presentFunctionRowItemTextInputViewWithEndpoint:completionHandler: : *NO* NSRemoteViewController to client, NSError=Error Domain=NSCocoaErrorDomain Code=4097 "connection from pid 0" UserInfo={NSDebugDescription=connection from pid 0}, com.apple.inputmethod.EmojiFunctionRowItem
2017-04-25 06:48:46.755 firefox-bin[15706:510067] IMKInputSession presentFunctionRowItemTextInputViewWithEndpoint:completionHandler: : *NO* NSRemoteViewController to client, NSError=Error Domain=NSCocoaErrorDomain Code=4097 "connection from pid 0" UserInfo={NSDebugDescription=connection from pid 0}, com.apple.inputmethod.EmojiFunctionRowItem
2017-04-25 06:48:47.326 plugin-container[15707:510176] *** CFMessagePort: bootstrap_register(): failed 1100 (0x44c) 'Permission denied', port = 0x953b, name = 'com.apple.tsm.portname'
See /usr/include/servers/bootstrap_defs.h for the error codes.
2017-04-25 06:48:47.330 plugin-container[15707:510176] *** CFMessagePort: bootstrap_register(): failed 1100 (0x44c) 'Permission denied', port = 0x9803, name = 'com.apple.CFPasteboardClient'
See /usr/include/servers/bootstrap_defs.h for the error codes.
2017-04-25 06:49:01.166 firefox-bin[15706:510067] IMKInputSession presentFunctionRowItemTextInputViewWithEndpoint:completionHandler: : *NO* NSRemoteViewController to client, NSError=Error Domain=NSCocoaErrorDomain Code=4097 "connection from pid 0" UserInfo={NSDebugDescription=connection from pid 0}, com.apple.inputmethod.EmojiFunctionRowItem
2017-04-25 06:49:19.196 firefox-bin[15706:510067] IMKInputSession presentFunctionRowItemTextInputViewWithEndpoint:completionHandler: : *NO* NSRemoteViewController to client, NSError=Error Domain=NSCocoaErrorDomain Code=4097 "connection from pid 0" UserInfo={NSDebugDescription=connection from pid 0}, com.apple.inputmethod.EmojiFunctionRowItem
1493117361777	geckodriver	INFO	Listening on 127.0.0.1:55264
1493117362803	mozprofile::profile	INFO	Using profile path /var/folders/xr/1_rjmwqn3rd4fzbmh4b5f5sw0000gn/T/rust_mozprofile.RtJK7dThFvRP
1493117362805	geckodriver::marionette	INFO	Starting browser /Applications/Firefox.app/Contents/MacOS/firefox-bin with args []
1493117362808	geckodriver::marionette	INFO	Connecting to Marionette on localhost:55273
1493117365468	Marionette	INFO	Listening on port 55273
1493117365620	Marionette	WARN	TLS certificate errors will be ignored for this session
2017-04-25 06:49:26.408 firefox-bin[15730:510921] IMKInputSession presentFunctionRowItemTextInputViewWithEndpoint:completionHandler: : *NO* NSRemoteViewController to client, NSError=Error Domain=NSCocoaErrorDomain Code=4097 "connection from pid 0" UserInfo={NSDebugDescription=connection from pid 0}, com.apple.inputmethod.EmojiFunctionRowItem
2017-04-25 06:49:26.441 firefox-bin[15730:510921] IMKInputSession presentFunctionRowItemTextInputViewWithEndpoint:completionHandler: : *NO* NSRemoteViewController to client, NSError=Error Domain=NSCocoaErrorDomain Code=4097 "connection from pid 0" UserInfo={NSDebugDescription=connection from pid 0}, com.apple.inputmethod.EmojiFunctionRowItem
2017-04-25 06:49:27.164 plugin-container[15737:511113] *** CFMessagePort: bootstrap_register(): failed 1100 (0x44c) 'Permission denied', port = 0x963b, name = 'com.apple.tsm.portname'
See /usr/include/servers/bootstrap_defs.h for the error codes.
2017-04-25 06:49:27.165 plugin-container[15737:511113] *** CFMessagePort: bootstrap_register(): failed 1100 (0x44c) 'Permission denied', port = 0x9903, name = 'com.apple.CFPasteboardClient'
See /usr/include/servers/bootstrap_defs.h for the error codes.
2017-04-25 06:49:35.048 firefox-bin[15730:510921] IMKInputSession presentFunctionRowItemTextInputViewWithEndpoint:completionHandler: : *NO* NSRemoteViewController to client, NSError=Error Domain=NSCocoaErrorDomain Code=4097 "connection from pid 0" UserInfo={NSDebugDescription=connection from pid 0}, com.apple.inputmethod.EmojiFunctionRowItem
1493117384595	geckodriver	INFO	Listening on 127.0.0.1:55359
1493117385643	mozprofile::profile	INFO	Using profile path /var/folders/xr/1_rjmwqn3rd4fzbmh4b5f5sw0000gn/T/rust_mozprofile.CMMG36rpFnnI
1493117385645	geckodriver::marionette	INFO	Starting browser /Applications/Firefox.app/Contents/MacOS/firefox-bin with args []
1493117385648	geckodriver::marionette	INFO	Connecting to Marionette on localhost:55369
1493117388167	Marionette	INFO	Listening on port 55369
1493117388246	Marionette	WARN	TLS certificate errors will be ignored for this session
2017-04-25 06:49:48.823 plugin-container[15752:511535] *** CFMessagePort: bootstrap_register(): failed 1100 (0x44c) 'Permission denied', port = 0x962f, name = 'com.apple.tsm.portname'
See /usr/include/servers/bootstrap_defs.h for the error codes.
2017-04-25 06:49:48.827 plugin-container[15752:511535] *** CFMessagePort: bootstrap_register(): failed 1100 (0x44c) 'Permission denied', port = 0x9903, name = 'com.apple.CFPasteboardClient'
See /usr/include/servers/bootstrap_defs.h for the error codes.
2017-04-25 06:49:49.143 firefox-bin[15751:511434] IMKInputSession presentFunctionRowItemTextInputViewWithEndpoint:completionHandler: : *NO* NSRemoteViewController to client, NSError=Error Domain=NSCocoaErrorDomain Code=4097 "connection from pid 0" UserInfo={NSDebugDescription=connection from pid 0}, com.apple.inputmethod.EmojiFunctionRowItem
2017-04-25 06:49:59.067 firefox-bin[15751:511434] IMKInputSession presentFunctionRowItemTextInputViewWithEndpoint:completionHandler: : *NO* NSRemoteViewController to client, NSError=Error Domain=NSCocoaErrorDomain Code=4097 "connection from pid 0" UserInfo={NSDebugDescription=connection from pid 0}, com.apple.inputmethod.EmojiFunctionRowItem
2017-04-25 06:50:03.759 firefox-bin[15751:511434] IMKInputSession presentFunctionRowItemTextInputViewWithEndpoint:completionHandler: : *NO* NSRemoteViewController to client, NSError=Error Domain=NSCocoaErrorDomain Code=4097 "connection from pid 0" UserInfo={NSDebugDescription=connection from pid 0}, com.apple.inputmethod.EmojiFunctionRowItem
2017-04-25 06:50:10.865 firefox-bin[15751:511434] IMKInputSession presentFunctionRowItemTextInputViewWithEndpoint:completionHandler: : *NO* NSRemoteViewController to client, NSError=Error Domain=NSCocoaErrorDomain Code=4097 "connection from pid 0" UserInfo={NSDebugDescription=connection from pid 0}, com.apple.inputmethod.EmojiFunctionRowItem
2017-04-25 06:50:14.298 firefox-bin[15751:511434] IMKInputSession presentFunctionRowItemTextInputViewWithEndpoint:completionHandler: : *NO* NSRemoteViewController to client, NSError=Error Domain=NSCocoaErrorDomain Code=4097 "connection from pid 0" UserInfo={NSDebugDescription=connection from pid 0}, com.apple.inputmethod.EmojiFunctionRowItem
2017-04-25 06:50:15.244 firefox-bin[15751:511434] IMKInputSession presentFunctionRowItemTextInputViewWithEndpoint:completionHandler: : *NO* NSRemoteViewController to client, NSError=Error Domain=NSCocoaErrorDomain Code=4097 "connection from pid 0" UserInfo={NSDebugDescription=connection from pid 0}, com.apple.inputmethod.EmojiFunctionRowItem
2017-04-25 06:50:16.094 firefox-bin[15751:511434] IMKInputSession presentFunctionRowItemTextInputViewWithEndpoint:completionHandler: : *NO* NSRemoteViewController to client, NSError=Error Domain=NSCocoaErrorDomain Code=4097 "connection from pid 0" UserInfo={NSDebugDescription=connection from pid 0}, com.apple.inputmethod.EmojiFunctionRowItem
2017-04-25 06:50:16.845 firefox-bin[15751:511434] IMKInputSession presentFunctionRowItemTextInputViewWithEndpoint:completionHandler: : *NO* NSRemoteViewController to client, NSError=Error Domain=NSCocoaErrorDomain Code=4097 "connection from pid 0" UserInfo={NSDebugDescription=connection from pid 0}, com.apple.inputmethod.EmojiFunctionRowItem
1493117440909	geckodriver	INFO	Listening on 127.0.0.1:55459
1493117441928	mozprofile::profile	INFO	Using profile path /var/folders/xr/1_rjmwqn3rd4fzbmh4b5f5sw0000gn/T/rust_mozprofile.lsy80946njVI
1493117441930	geckodriver::marionette	INFO	Starting browser /Applications/Firefox.app/Contents/MacOS/firefox-bin with args []
1493117441933	geckodriver::marionette	INFO	Connecting to Marionette on localhost:55468
2017-04-25 06:50:44.388 firefox-bin[15782:512613] IMKInputSession presentFunctionRowItemTextInputViewWithEndpoint:completionHandler: : *NO* NSRemoteViewController to client, NSError=Error Domain=NSCocoaErrorDomain Code=4097 "connection from pid 0" UserInfo={NSDebugDescription=connection from pid 0}, com.apple.inputmethod.EmojiFunctionRowItem
1493117444666	Marionette	INFO	Listening on port 55468
2017-04-25 06:50:44.742 firefox-bin[15782:512613] IMKInputSession presentFunctionRowItemTextInputViewWithEndpoint:completionHandler: : *NO* NSRemoteViewController to client, NSError=Error Domain=NSCocoaErrorDomain Code=4097 "connection from pid 0" UserInfo={NSDebugDescription=connection from pid 0}, com.apple.inputmethod.EmojiFunctionRowItem
1493117444811	Marionette	WARN	TLS certificate errors will be ignored for this session
2017-04-25 06:50:45.388 plugin-container[15784:512729] *** CFMessagePort: bootstrap_register(): failed 1100 (0x44c) 'Permission denied', port = 0x9433, name = 'com.apple.tsm.portname'
See /usr/include/servers/bootstrap_defs.h for the error codes.
2017-04-25 06:50:45.389 plugin-container[15784:512729] *** CFMessagePort: bootstrap_register(): failed 1100 (0x44c) 'Permission denied', port = 0x9703, name = 'com.apple.CFPasteboardClient'
See /usr/include/servers/bootstrap_defs.h for the error codes.
2017-04-25 06:50:56.124 firefox-bin[15782:512613] IMKInputSession presentFunctionRowItemTextInputViewWithEndpoint:completionHandler: : *NO* NSRemoteViewController to client, NSError=Error Domain=NSCocoaErrorDomain Code=4097 "connection from pid 0" UserInfo={NSDebugDescription=connection from pid 0}, com.apple.inputmethod.EmojiFunctionRowItem
2017-04-25 06:50:59.017 firefox-bin[15782:512613] IMKInputSession presentFunctionRowItemTextInputViewWithEndpoint:completionHandler: : *NO* NSRemoteViewController to client, NSError=Error Domain=NSCocoaErrorDomain Code=4097 "connection from pid 0" UserInfo={NSDebugDescription=connection from pid 0}, com.apple.inputmethod.EmojiFunctionRowItem
2017-04-25 06:51:38.018 firefox-bin[15782:512613] IMKInputSession presentFunctionRowItemTextInputViewWithEndpoint:completionHandler: : *NO* NSRemoteViewController to client, NSError=Error Domain=NSCocoaErrorDomain Code=4097 "connection from pid 0" UserInfo={NSDebugDescription=connection from pid 0}, com.apple.inputmethod.EmojiFunctionRowItem
2017-04-25 06:51:38.685 firefox-bin[15782:512613] IMKInputSession presentFunctionRowItemTextInputViewWithEndpoint:completionHandler: : *NO* NSRemoteViewController to client, NSError=Error Domain=NSCocoaErrorDomain Code=4097 "connection from pid 0" UserInfo={NSDebugDescription=connection from pid 0}, com.apple.inputmethod.EmojiFunctionRowItem
1493117515473	geckodriver	INFO	Listening on 127.0.0.1:55580
1493117516522	mozprofile::profile	INFO	Using profile path /var/folders/xr/1_rjmwqn3rd4fzbmh4b5f5sw0000gn/T/rust_mozprofile.83M1Y5FdV2El
1493117516524	geckodriver::marionette	INFO	Starting browser /Applications/Firefox.app/Contents/MacOS/firefox-bin with args []
1493117516527	geckodriver::marionette	INFO	Connecting to Marionette on localhost:55589
1493117518839	Marionette	INFO	Listening on port 55589
1493117518908	Marionette	WARN	TLS certificate errors will be ignored for this session
2017-04-25 06:51:59.444 plugin-container[15826:514200] *** CFMessagePort: bootstrap_register(): failed 1100 (0x44c) 'Permission denied', port = 0x963b, name = 'com.apple.tsm.portname'
See /usr/include/servers/bootstrap_defs.h for the error codes.
2017-04-25 06:51:59.447 plugin-container[15826:514200] *** CFMessagePort: bootstrap_register(): failed 1100 (0x44c) 'Permission denied', port = 0x9903, name = 'com.apple.CFPasteboardClient'
See /usr/include/servers/bootstrap_defs.h for the error codes.
2017-04-25 06:52:08.837 firefox-bin[15825:514109] IMKInputSession presentFunctionRowItemTextInputViewWithEndpoint:completionHandler: : *NO* NSRemoteViewController to client, NSError=Error Domain=NSCocoaErrorDomain Code=4097 "connection from pid 0" UserInfo={NSDebugDescription=connection from pid 0}, com.apple.inputmethod.EmojiFunctionRowItem
1493117540389	geckodriver	INFO	Listening on 127.0.0.1:55665
1493117541411	mozprofile::profile	INFO	Using profile path /var/folders/xr/1_rjmwqn3rd4fzbmh4b5f5sw0000gn/T/rust_mozprofile.H5BqL99N4pZe
1493117541413	geckodriver::marionette	INFO	Starting browser /Applications/Firefox.app/Contents/MacOS/firefox-bin with args []
1493117541417	geckodriver::marionette	INFO	Connecting to Marionette on localhost:55675
1493117543682	Marionette	INFO	Listening on port 55675
1493117543762	Marionette	WARN	TLS certificate errors will be ignored for this session
2017-04-25 06:52:24.430 firefox-bin[15838:514775] IMKInputSession presentFunctionRowItemTextInputViewWithEndpoint:completionHandler: : *NO* NSRemoteViewController to client, NSError=Error Domain=NSCocoaErrorDomain Code=4099 "The connection from pid 0 was invalidated from this process." UserInfo={NSDebugDescription=The connection from pid 0 was invalidated from this process.}, com.apple.inputmethod.EmojiFunctionRowItem
2017-04-25 06:52:24.656 firefox-bin[15838:514775] IMKInputSession presentFunctionRowItemTextInputViewWithEndpoint:completionHandler: : *NO* NSRemoteViewController to client, NSError=Error Domain=NSCocoaErrorDomain Code=4097 "connection from pid 0" UserInfo={NSDebugDescription=connection from pid 0}, com.apple.inputmethod.EmojiFunctionRowItem
2017-04-25 06:52:25.045 plugin-container[15840:514883] *** CFMessagePort: bootstrap_register(): failed 1100 (0x44c) 'Permission denied', port = 0x943f, name = 'com.apple.tsm.portname'
See /usr/include/servers/bootstrap_defs.h for the error codes.
2017-04-25 06:52:25.047 plugin-container[15840:514883] *** CFMessagePort: bootstrap_register(): failed 1100 (0x44c) 'Permission denied', port = 0x9703, name = 'com.apple.CFPasteboardClient'
See /usr/include/servers/bootstrap_defs.h for the error codes.
2017-04-25 06:54:23.516 firefox-bin[15751:511434] IMKInputSession presentFunctionRowItemTextInputViewWithEndpoint:completionHandler: : *NO* NSRemoteViewController to client, NSError=Error Domain=NSCocoaErrorDomain Code=4097 "connection from pid 0" UserInfo={NSDebugDescription=connection from pid 0}, com.apple.inputmethod.EmojiFunctionRowItem
2017-04-25 06:54:23.624 firefox-bin[15751:511434] IMKInputSession presentFunctionRowItemTextInputViewWithEndpoint:completionHandler: : *NO* NSRemoteViewController to client, NSError=Error Domain=NSCocoaErrorDomain Code=4097 "connection from pid 0" UserInfo={NSDebugDescription=connection from pid 0}, com.apple.inputmethod.EmojiFunctionRowItem
2017-04-25 06:54:26.247 firefox-bin[15751:511434] IMKInputSession presentFunctionRowItemTextInputViewWithEndpoint:completionHandler: : *NO* NSRemoteViewController to client, NSError=Error Domain=NSCocoaErrorDomain Code=4097 "connection from pid 0" UserInfo={NSDebugDescription=connection from pid 0}, com.apple.inputmethod.EmojiFunctionRowItem
2017-04-25 06:54:26.659 firefox-bin[15751:511434] IMKInputSession presentFunctionRowItemTextInputViewWithEndpoint:completionHandler: : *NO* NSRemoteViewController to client, NSError=Error Domain=NSCocoaErrorDomain Code=4097 "connection from pid 0" UserInfo={NSDebugDescription=connection from pid 0}, com.apple.inputmethod.EmojiFunctionRowItem
2017-04-25 06:54:29.881 firefox-bin[15751:511434] IMKInputSession presentFunctionRowItemTextInputViewWithEndpoint:completionHandler: : *NO* NSRemoteViewController to client, NSError=Error Domain=NSCocoaErrorDomain Code=4097 "connection from pid 0" UserInfo={NSDebugDescription=connection from pid 0}, com.apple.inputmethod.EmojiFunctionRowItem
2017-04-25 06:54:29.924 firefox-bin[15751:511434] IMKInputSession presentFunctionRowItemTextInputViewWithEndpoint:completionHandler: : *NO* NSRemoteViewController to client, NSError=Error Domain=NSCocoaErrorDomain Code=4097 "connection from pid 0" UserInfo={NSDebugDescription=connection from pid 0}, com.apple.inputmethod.EmojiFunctionRowItem
2017-04-25 06:54:56.773 firefox-bin[15838:514775] IMKInputSession presentFunctionRowItemTextInputViewWithEndpoint:completionHandler: : *NO* NSRemoteViewController to client, NSError=Error Domain=NSCocoaErrorDomain Code=4097 "connection from pid 0" UserInfo={NSDebugDescription=connection from pid 0}, com.apple.inputmethod.EmojiFunctionRowItem
2017-04-25 06:54:57.609 firefox-bin[15751:511434] IMKInputSession presentFunctionRowItemTextInputViewWithEndpoint:completionHandler: : *NO* NSRemoteViewController to client, NSError=Error Domain=NSCocoaErrorDomain Code=4097 "connection from pid 0" UserInfo={NSDebugDescription=connection from pid 0}, com.apple.inputmethod.EmojiFunctionRowItem
2017-04-25 06:54:58.877 firefox-bin[15751:511434] IMKInputSession presentFunctionRowItemTextInputViewWithEndpoint:completionHandler: : *NO* NSRemoteViewController to client, NSError=Error Domain=NSCocoaErrorDomain Code=4097 "connection from pid 0" UserInfo={NSDebugDescription=connection from pid 0}, com.apple.inputmethod.EmojiFunctionRowItem
2017-04-25 06:54:59.618 firefox-bin[15838:514775] IMKInputSession presentFunctionRowItemTextInputViewWithEndpoint:completionHandler: : *NO* NSRemoteViewController to client, NSError=Error Domain=NSCocoaErrorDomain Code=4097 "connection from pid 0" UserInfo={NSDebugDescription=connection from pid 0}, com.apple.inputmethod.EmojiFunctionRowItem
2017-04-25 06:55:00.585 firefox-bin[15838:514775] IMKInputSession presentFunctionRowItemTextInputViewWithEndpoint:completionHandler: : *NO* NSRemoteViewController to client, NSError=Error Domain=NSCocoaErrorDomain Code=4097 "connection from pid 0" UserInfo={NSDebugDescription=connection from pid 0}, com.apple.inputmethod.EmojiFunctionRowItem
2017-04-25 06:55:01.348 firefox-bin[15838:514775] IMKInputSession presentFunctionRowItemTextInputViewWithEndpoint:completionHandler: : *NO* NSRemoteViewController to client, NSError=Error Domain=NSCocoaErrorDomain Code=4097 "connection from pid 0" UserInfo={NSDebugDescription=connection from pid 0}, com.apple.inputmethod.EmojiFunctionRowItem
1493119821347	geckodriver	INFO	Listening on 127.0.0.1:57102
1493119822418	mozprofile::profile	INFO	Using profile path /var/folders/xr/1_rjmwqn3rd4fzbmh4b5f5sw0000gn/T/rust_mozprofile.q6dnqZXLU5MH
1493119822421	geckodriver::marionette	INFO	Starting browser /Applications/Firefox.app/Contents/MacOS/firefox-bin with args []
1493119822425	geckodriver::marionette	INFO	Connecting to Marionette on localhost:57111
1493119826120	Marionette	INFO	Listening on port 57111
1493119826225	Marionette	WARN	TLS certificate errors will be ignored for this session
2017-04-25 07:30:26.905 plugin-container[16902:551934] *** CFMessagePort: bootstrap_register(): failed 1100 (0x44c) 'Permission denied', port = 0x962f, name = 'com.apple.tsm.portname'
See /usr/include/servers/bootstrap_defs.h for the error codes.
2017-04-25 07:30:26.915 plugin-container[16902:551934] *** CFMessagePort: bootstrap_register(): failed 1100 (0x44c) 'Permission denied', port = 0x9a03, name = 'com.apple.CFPasteboardClient'
See /usr/include/servers/bootstrap_defs.h for the error codes.
1493119855973	geckodriver	INFO	Listening on 127.0.0.1:57212
1493119857026	mozprofile::profile	INFO	Using profile path /var/folders/xr/1_rjmwqn3rd4fzbmh4b5f5sw0000gn/T/rust_mozprofile.1b85TinqipFM
1493119857028	geckodriver::marionette	INFO	Starting browser /Applications/Firefox.app/Contents/MacOS/firefox-bin with args []
1493119857031	geckodriver::marionette	INFO	Connecting to Marionette on localhost:57221
2017-04-25 07:30:59.859 firefox-bin[16922:552641] IMKInputSession presentFunctionRowItemTextInputViewWithEndpoint:completionHandler: : *NO* NSRemoteViewController to client, NSError=Error Domain=NSCocoaErrorDomain Code=4097 "connection from pid 0" UserInfo={NSDebugDescription=connection from pid 0}, com.apple.inputmethod.EmojiFunctionRowItem
1493119860193	Marionette	INFO	Listening on port 57221
2017-04-25 07:31:00.234 firefox-bin[16922:552641] IMKInputSession presentFunctionRowItemTextInputViewWithEndpoint:completionHandler: : *NO* NSRemoteViewController to client, NSError=Error Domain=NSCocoaErrorDomain Code=4097 "connection from pid 0" UserInfo={NSDebugDescription=connection from pid 0}, com.apple.inputmethod.EmojiFunctionRowItem
1493119860277	Marionette	WARN	TLS certificate errors will be ignored for this session
2017-04-25 07:31:00.820 plugin-container[16923:552758] *** CFMessagePort: bootstrap_register(): failed 1100 (0x44c) 'Permission denied', port = 0x952f, name = 'com.apple.tsm.portname'
See /usr/include/servers/bootstrap_defs.h for the error codes.
2017-04-25 07:31:00.821 plugin-container[16923:552758] *** CFMessagePort: bootstrap_register(): failed 1100 (0x44c) 'Permission denied', port = 0x9803, name = 'com.apple.CFPasteboardClient'
See /usr/include/servers/bootstrap_defs.h for the error codes.
1493119876945	geckodriver	INFO	Listening on 127.0.0.1:57308
1493119877967	mozprofile::profile	INFO	Using profile path /var/folders/xr/1_rjmwqn3rd4fzbmh4b5f5sw0000gn/T/rust_mozprofile.KaGdhFLDtLTy
1493119877969	geckodriver::marionette	INFO	Starting browser /Applications/Firefox.app/Contents/MacOS/firefox-bin with args []
1493119877972	geckodriver::marionette	INFO	Connecting to Marionette on localhost:57317
1493119880205	Marionette	INFO	Listening on port 57317
1493119880307	Marionette	WARN	TLS certificate errors will be ignored for this session
2017-04-25 07:31:20.851 firefox-bin[16934:553017] IMKInputSession presentFunctionRowItemTextInputViewWithEndpoint:completionHandler: : *NO* NSRemoteViewController to client, NSError=Error Domain=NSCocoaErrorDomain Code=4097 "connection from pid 0" UserInfo={NSDebugDescription=connection from pid 0}, com.apple.inputmethod.EmojiFunctionRowItem
2017-04-25 07:31:20.935 firefox-bin[16934:553017] IMKInputSession presentFunctionRowItemTextInputViewWithEndpoint:completionHandler: : *NO* NSRemoteViewController to client, NSError=Error Domain=NSCocoaErrorDomain Code=4097 "connection from pid 0" UserInfo={NSDebugDescription=connection from pid 0}, com.apple.inputmethod.EmojiFunctionRowItem
2017-04-25 07:31:20.966 plugin-container[16935:553113] *** CFMessagePort: bootstrap_register(): failed 1100 (0x44c) 'Permission denied', port = 0x963b, name = 'com.apple.tsm.portname'
See /usr/include/servers/bootstrap_defs.h for the error codes.
2017-04-25 07:31:20.968 plugin-container[16935:553113] *** CFMessagePort: bootstrap_register(): failed 1100 (0x44c) 'Permission denied', port = 0x9a03, name = 'com.apple.CFPasteboardClient'
See /usr/include/servers/bootstrap_defs.h for the error codes.
2017-04-25 07:31:24.906 firefox-bin[16934:553017] IMKInputSession presentFunctionRowItemTextInputViewWithEndpoint:completionHandler: : *NO* NSRemoteViewController to client, NSError=Error Domain=NSCocoaErrorDomain Code=4097 "connection from pid 0" UserInfo={NSDebugDescription=connection from pid 0}, com.apple.inputmethod.EmojiFunctionRowItem
2017-04-25 07:31:32.542 firefox-bin[16934:553017] IMKInputSession presentFunctionRowItemTextInputViewWithEndpoint:completionHandler: : *NO* NSRemoteViewController to client, NSError=Error Domain=NSCocoaErrorDomain Code=4097 "connection from pid 0" UserInfo={NSDebugDescription=connection from pid 0}, com.apple.inputmethod.EmojiFunctionRowItem
2017-04-25 07:31:33.090 firefox-bin[16934:553017] IMKInputSession presentFunctionRowItemTextInputViewWithEndpoint:completionHandler: : *NO* NSRemoteViewController to client, NSError=Error Domain=NSCocoaErrorDomain Code=4097 "connection from pid 0" UserInfo={NSDebugDescription=connection from pid 0}, com.apple.inputmethod.EmojiFunctionRowItem
1493119895684	geckodriver	INFO	Listening on 127.0.0.1:57387
1493119896720	mozprofile::profile	INFO	Using profile path /var/folders/xr/1_rjmwqn3rd4fzbmh4b5f5sw0000gn/T/rust_mozprofile.jbmXmOVOHYxd
1493119896722	geckodriver::marionette	INFO	Starting browser /Applications/Firefox.app/Contents/MacOS/firefox-bin with args []
1493119896725	geckodriver::marionette	INFO	Connecting to Marionette on localhost:57396
1493119899116	Marionette	INFO	Listening on port 57396
1493119899206	Marionette	WARN	TLS certificate errors will be ignored for this session
2017-04-25 07:31:39.842 plugin-container[16955:553585] *** CFMessagePort: bootstrap_register(): failed 1100 (0x44c) 'Permission denied', port = 0x962b, name = 'com.apple.tsm.portname'
See /usr/include/servers/bootstrap_defs.h for the error codes.
2017-04-25 07:31:39.847 plugin-container[16955:553585] *** CFMessagePort: bootstrap_register(): failed 1100 (0x44c) 'Permission denied', port = 0x9903, name = 'com.apple.CFPasteboardClient'
See /usr/include/servers/bootstrap_defs.h for the error codes.
2017-04-25 07:31:43.508 firefox-bin[16954:553480] IMKInputSession presentFunctionRowItemTextInputViewWithEndpoint:completionHandler: : *NO* NSRemoteViewController to client, NSError=Error Domain=NSCocoaErrorDomain Code=4097 "connection from pid 0" UserInfo={NSDebugDescription=connection from pid 0}, com.apple.inputmethod.EmojiFunctionRowItem
2017-04-25 07:31:46.167 firefox-bin[16954:553480] IMKInputSession presentFunctionRowItemTextInputViewWithEndpoint:completionHandler: : *NO* NSRemoteViewController to client, NSError=Error Domain=NSCocoaErrorDomain Code=4097 "connection from pid 0" UserInfo={NSDebugDescription=connection from pid 0}, com.apple.inputmethod.EmojiFunctionRowItem
2017-04-25 07:31:47.264 firefox-bin[16954:553480] IMKInputSession presentFunctionRowItemTextInputViewWithEndpoint:completionHandler: : *NO* NSRemoteViewController to client, NSError=Error Domain=NSCocoaErrorDomain Code=4097 "connection from pid 0" UserInfo={NSDebugDescription=connection from pid 0}, com.apple.inputmethod.EmojiFunctionRowItem
2017-04-25 07:31:48.322 firefox-bin[16954:553480] IMKInputSession presentFunctionRowItemTextInputViewWithEndpoint:completionHandler: : *NO* NSRemoteViewController to client, NSError=Error Domain=NSCocoaErrorDomain Code=4097 "connection from pid 0" UserInfo={NSDebugDescription=connection from pid 0}, com.apple.inputmethod.EmojiFunctionRowItem
1493119985741	geckodriver	INFO	Listening on 127.0.0.1:57504
1493119986789	mozprofile::profile	INFO	Using profile path /var/folders/xr/1_rjmwqn3rd4fzbmh4b5f5sw0000gn/T/rust_mozprofile.1TMllZevNGpz
1493119986792	geckodriver::marionette	INFO	Starting browser /Applications/Firefox.app/Contents/MacOS/firefox-bin with args []
1493119986798	geckodriver::marionette	INFO	Connecting to Marionette on localhost:57513
1493119989947	Marionette	INFO	Listening on port 57513
1493119990077	Marionette	WARN	TLS certificate errors will be ignored for this session
2017-04-25 07:33:10.989 plugin-container[17011:555604] *** CFMessagePort: bootstrap_register(): failed 1100 (0x44c) 'Permission denied', port = 0x943b, name = 'com.apple.tsm.portname'
See /usr/include/servers/bootstrap_defs.h for the error codes.
2017-04-25 07:33:11.002 plugin-container[17011:555604] *** CFMessagePort: bootstrap_register(): failed 1100 (0x44c) 'Permission denied', port = 0x9803, name = 'com.apple.CFPasteboardClient'
See /usr/include/servers/bootstrap_defs.h for the error codes.
2017-04-25 07:33:12.135 firefox-bin[17010:555367] IMKInputSession presentFunctionRowItemTextInputViewWithEndpoint:completionHandler: : *NO* NSRemoteViewController to client, NSError=Error Domain=NSCocoaErrorDomain Code=4097 "connection from pid 0" UserInfo={NSDebugDescription=connection from pid 0}, com.apple.inputmethod.EmojiFunctionRowItem
2017-04-25 07:33:12.444 firefox-bin[17010:555367] IMKInputSession presentFunctionRowItemTextInputViewWithEndpoint:completionHandler: : *NO* NSRemoteViewController to client, NSError=Error Domain=NSCocoaErrorDomain Code=4097 "connection from pid 0" UserInfo={NSDebugDescription=connection from pid 0}, com.apple.inputmethod.EmojiFunctionRowItem
2017-04-25 07:33:14.596 firefox-bin[17010:555367] IMKInputSession presentFunctionRowItemTextInputViewWithEndpoint:completionHandler: : *NO* NSRemoteViewController to client, NSError=Error Domain=NSCocoaErrorDomain Code=4097 "connection from pid 0" UserInfo={NSDebugDescription=connection from pid 0}, com.apple.inputmethod.EmojiFunctionRowItem
2017-04-25 07:33:15.465 firefox-bin[17010:555367] IMKInputSession presentFunctionRowItemTextInputViewWithEndpoint:completionHandler: : *NO* NSRemoteViewController to client, NSError=Error Domain=NSCocoaErrorDomain Code=4097 "connection from pid 0" UserInfo={NSDebugDescription=connection from pid 0}, com.apple.inputmethod.EmojiFunctionRowItem
2017-04-25 07:33:17.493 firefox-bin[17010:555367] IMKInputSession presentFunctionRowItemTextInputViewWithEndpoint:completionHandler: : *NO* NSRemoteViewController to client, NSError=Error Domain=NSCocoaErrorDomain Code=4097 "connection from pid 0" UserInfo={NSDebugDescription=connection from pid 0}, com.apple.inputmethod.EmojiFunctionRowItem
2017-04-25 07:33:18.285 firefox-bin[17010:555367] IMKInputSession presentFunctionRowItemTextInputViewWithEndpoint:completionHandler: : *NO* NSRemoteViewController to client, NSError=Error Domain=NSCocoaErrorDomain Code=4097 "connection from pid 0" UserInfo={NSDebugDescription=connection from pid 0}, com.apple.inputmethod.EmojiFunctionRowItem
