tp	1
zihan	1
zihan	3
zihan	4
nike	36
nike	36
zn8ae	37
nike	46
nike	46
nike	46
nike	46
nike	46
Zihan	3
Zihan	4
Zihan	5
nike	47
nike	3
zzpx	4
zzpx	3
tp	3
nike	49
Zihan	4
Zihan	4
Zihan	4
Zihan	3
Zihan	3
nike	49
nike	50
nike	49
nike	50
nike	49
sakura	49
sakura	50
zn8ae	49
zn8ae	50
zn8ae	49
zn8ae	50
nike	59
zn8ae	60
zn8ae	59
zn8ae	61
sakura	59
sakura	60
sakura	61
nike	59
nike	62
nike	60
nike	61
nike	62
nike	60
nike	1
sakura	2
sakura	1
zn8ae	3
zn8ae	1
zn8ae	3
zn8ae	1
zn8ae	3
zn8ae	1
zn8ae	1
zn8ae	3
zn8ae	1
nike	1
nike	2
nike	2
nike	2
nike	1
nike	3
nike	1
nike	3
sakura	1
sakura	3
nike	2
zn8ae	2
zn8ae	1
zn8ae	2
zn8ae	3