tp	4
steven	5
steven	1
steven	4
steven	6
steven	8
tp	4
tp	1
zihan	1
zihan	3
zihan	4
nike	36
nike	36
zn8ae	37
nike	36
zn8ae	37
zn8ae	38
zn8ae	38
zn8ae	38
zn8ae	38
zn8ae	38
zn8ae	38
zn8ae	38
zn8ae	38
zn8ae	38
zn8ae	38
zn8ae	38
zn8ae	38
zn8ae	38
nike	36
nike	36
zn8ae	38
zn8ae	38
zn8ae	38
nike	36
zn8ae	39
zn8ae	40
nike	42
nike	43
Zihan	3
Zihan	4
Zihan	5
nike	43
Zihan	3
Zihan	4
Zihan	5
nike	43
Zihan	1
Zihan	1
Zihan	1
Zihan	2
Zihan	2
Zihan	3
Zihan	3
Zihan	3
Zihan	4
Zihan	5
Zihan	3
Zihan	3
Zihan	4
Zihan	5
Zihan	4
Zihan	3
Zihan	4
Zihan	5
Zihan	5
Zihan	3
Zihan	4
Zihan	5
Zihan	5
Zihan	3
Zihan	4
Zihan	5
Zihan	3
Zihan	3
Zihan	4
Zihan	5
Zihan	4
Zihan	3
Zihan	4
Zihan	5